#
# A fatal error has been detected by the Java Runtime Environment:
#
#  EXCEPTION_ACCESS_VIOLATION (0xc0000005) at pc=0x77ca62d0, pid=5640, tid=3888
#
# JRE version: Java(TM) SE Runtime Environment (7.0_71-b14) (build 1.7.0_71-b14)
# Java VM: Java HotSpot(TM) Client VM (24.71-b01 mixed mode windows-x86 )
# Problematic frame:
# V  [jvm.dll+0x362d0]
#
# Failed to write core dump. Minidumps are not enabled by default on client versions of Windows
#
# If you would like to submit a bug report, please visit:
#   http://bugreport.sun.com/bugreport/crash.jsp
#

---------------  T H R E A D  ---------------

Current thread (0x18cdfc00):  JavaThread "JDWP Transport Listener: dt_shmem" daemon [_thread_in_vm, id=3888, stack(0x19230000,0x19280000)]

siginfo: ExceptionCode=0xc0000005, reading address 0x00000008

Registers:
EAX=0x04a040d8, EBX=0x18cdfc00, ECX=0x00000000, EDX=0x00000000
ESP=0x1927f604, EBP=0x1927f608, ESI=0x00000000, EDI=0x5cf9e15c
EIP=0x77ca62d0, EFLAGS=0x00010246

Top of Stack: (sp=0x1927f604)
0x1927f604:   18cdfd30 1927f630 77d32a86 04a040d8
0x1927f614:   5cf9e15c 18cdfd30 5cf9e174 18cdfc00
0x1927f624:   00000000 18cdfd30 1927f6f4 5cf9e99c
0x1927f634:   5cf863b2 18cdfd30 04a040d8 00000000
0x1927f644:   1927f668 1927f6f4 18d97ee8 1927f6a4
0x1927f654:   02900474 1927f674 5cf8bd27 1927f674
0x1927f664:   1927f6a8 5cf9e890 5cf26008 5cfa2c68
0x1927f674:   1a5dfd88 0000000b 00000000 00000013 

Instructions: (pc=0x77ca62d0)
0x77ca62b0:   8b 0d 74 9c fa 77 85 c9 7e 05 8b 0c 01 eb 02 33
0x77ca62c0:   c9 8b 15 78 9c fa 77 85 d2 7e 05 8b 04 02 eb 03
0x77ca62d0:   8b 46 08 85 c0 75 0f 33 c9 50 51 e8 d0 92 15 00
0x77ca62e0:   83 c4 08 5e 5d c3 8d 4c 4e 0c 50 51 e8 bf 92 15 


Register to memory mapping:

EAX=0x04a040d8 is an oop
java.lang.String 
 - klass: 'java/lang/String'
EBX=0x18cdfc00 is a thread
ECX=0x00000000 is an unknown value
EDX=0x00000000 is an unknown value
ESP=0x1927f604 is pointing into the stack for thread: 0x18cdfc00
EBP=0x1927f608 is pointing into the stack for thread: 0x18cdfc00
ESI=0x00000000 is an unknown value
EDI=0x5cf9e15c is an unknown value


Stack: [0x19230000,0x19280000],  sp=0x1927f604,  free space=317k
Native frames: (J=compiled Java code, j=interpreted, Vv=VM code, C=native code)
V  [jvm.dll+0x362d0]
V  [jvm.dll+0xc2a86]


---------------  P R O C E S S  ---------------

Java Threads: ( => current thread )
  0x1a5ddc00 JavaThread "TimerQueue" daemon [_thread_blocked, id=10508, stack(0x1ae50000,0x1aea0000)]
  0x18e6ac00 JavaThread "org.netbeans.modules.debugger.jpda.visual AWT Access Loop" daemon [_thread_blocked, id=8864, stack(0x1a920000,0x1a970000)]
  0x0292d000 JavaThread "DestroyJavaVM" [_thread_blocked, id=10292, stack(0x01300000,0x01350000)]
  0x18e3f400 JavaThread "AWT-EventQueue-0" [_thread_blocked, id=8588, stack(0x1a3d0000,0x1a420000)]
  0x18d3e000 JavaThread "AWT-Windows" daemon [_thread_in_native, id=10320, stack(0x18ab0000,0x18b00000)]
  0x18d3cc00 JavaThread "AWT-Shutdown" [_thread_blocked, id=3984, stack(0x19760000,0x197b0000)]
  0x18d51400 JavaThread "Java2D Disposer" daemon [_thread_blocked, id=11372, stack(0x197f0000,0x19840000)]
  0x18cf5400 JavaThread "Service Thread" daemon [_thread_blocked, id=10308, stack(0x195d0000,0x19620000)]
  0x18cf2400 JavaThread "C1 CompilerThread0" daemon [_thread_blocked, id=3336, stack(0x19450000,0x194a0000)]
  0x18ce2c00 JavaThread "JDWP Command Reader" daemon [_thread_in_native, id=1936, stack(0x192c0000,0x19310000)]
  0x18ce1800 JavaThread "JDWP Event Helper Thread" daemon [_thread_blocked, id=3500, stack(0x19360000,0x193b0000)]
=>0x18cdfc00 JavaThread "JDWP Transport Listener: dt_shmem" daemon [_thread_in_vm, id=3888, stack(0x19230000,0x19280000)]
  0x02906400 JavaThread "Attach Listener" daemon [_thread_blocked, id=10380, stack(0x18bc0000,0x18c10000)]
  0x02903400 JavaThread "Signal Dispatcher" daemon [_thread_blocked, id=9452, stack(0x18c20000,0x18c70000)]
  0x028f7c00 JavaThread "Finalizer" daemon [_thread_blocked, id=2112, stack(0x18ec0000,0x18f10000)]
  0x028f2c00 JavaThread "Reference Handler" daemon [_thread_blocked, id=12248, stack(0x18fb0000,0x19000000)]

Other Threads:
  0x028ef000 VMThread [stack: 0x18e70000,0x18ec0000] [id=12260]
  0x18d09800 WatcherThread [stack: 0x194a0000,0x194f0000] [id=11160]

VM state:not at safepoint (normal execution)

VM Mutex/Monitor currently owned by a thread: None

Heap
 def new generation   total 4928K, used 666K [0x04a00000, 0x04f50000, 0x09f50000)
  eden space 4416K,   3% used [0x04a00000, 0x04a26820, 0x04e50000)
  from space 512K, 100% used [0x04ed0000, 0x04f50000, 0x04f50000)
  to   space 512K,   0% used [0x04e50000, 0x04e50000, 0x04ed0000)
 tenured generation   total 10944K, used 1306K [0x09f50000, 0x0aa00000, 0x14a00000)
   the space 10944K,  11% used [0x09f50000, 0x0a0968a0, 0x0a096a00, 0x0aa00000)
 compacting perm gen  total 12288K, used 7247K [0x14a00000, 0x15600000, 0x18a00000)
   the space 12288K,  58% used [0x14a00000, 0x15113c50, 0x15113e00, 0x15600000)
No shared spaces configured.

Card table byte_map: [0x18a00000,0x18ab0000] byte_map_base: 0x189db000

Polling page: 0x002b0000

Code Cache  [0x029b0000, 0x02a70000, 0x049b0000)
 total_blobs=328 nmethods=116 adapters=157 free_code_cache=32020Kb largest_free_block=32788800

Compilation events (10 events):
Event: 6.957 Thread 0x18cf2400  111             java.util.concurrent.locks.AbstractQueuedSynchronizer::setState (6 bytes)
Event: 6.958 Thread 0x18cf2400 nmethod 111 0x02a69f48 code [0x02a6a040, 0x02a6a0c0]
Event: 13.969 Thread 0x18cf2400  112             java.util.concurrent.locks.AbstractQueuedSynchronizer::compareAndSetState (13 bytes)
Event: 13.970 Thread 0x18cf2400 nmethod 112 0x02a6a108 code [0x02a6a200, 0x02a6a2a0]
Event: 14.470 Thread 0x18cf2400  113             java.util.concurrent.locks.AbstractQueuedSynchronizer::release (33 bytes)
Event: 14.471 Thread 0x18cf2400 nmethod 113 0x02a6a308 code [0x02a6a420, 0x02a6a528]
Event: 14.471 Thread 0x18cf2400  114             java.util.concurrent.locks.ReentrantLock$Sync::tryRelease (45 bytes)
Event: 14.472 Thread 0x18cf2400 nmethod 114 0x02a6a5c8 code [0x02a6a6d0, 0x02a6a81c]
Event: 25.490 Thread 0x18cf2400  115             java.util.concurrent.locks.ReentrantLock::unlock (10 bytes)
Event: 25.491 Thread 0x18cf2400 nmethod 115 0x02a6a908 code [0x02a6aa20, 0x02a6ab28]

GC Heap History (2 events):
Event: 3.454 GC heap before
{Heap before GC invocations=0 (full 0):
 def new generation   total 4928K, used 4416K [0x04a00000, 0x04f50000, 0x09f50000)
  eden space 4416K, 100% used [0x04a00000, 0x04e50000, 0x04e50000)
  from space 512K,   0% used [0x04e50000, 0x04e50000, 0x04ed0000)
  to   space 512K,   0% used [0x04ed0000, 0x04ed0000, 0x04f50000)
 tenured generation   total 10944K, used 0K [0x09f50000, 0x0aa00000, 0x14a00000)
   the space 10944K,   0% used [0x09f50000, 0x09f50000, 0x09f50200, 0x0aa00000)
 compacting perm gen  total 12288K, used 7247K [0x14a00000, 0x15600000, 0x18a00000)
   the space 12288K,  58% used [0x14a00000, 0x15113c40, 0x15113e00, 0x15600000)
No shared spaces configured.
Event: 3.475 GC heap after
Heap after GC invocations=1 (full 0):
 def new generation   total 4928K, used 512K [0x04a00000, 0x04f50000, 0x09f50000)
  eden space 4416K,   0% used [0x04a00000, 0x04a00000, 0x04e50000)
  from space 512K, 100% used [0x04ed0000, 0x04f50000, 0x04f50000)
  to   space 512K,   0% used [0x04e50000, 0x04e50000, 0x04ed0000)
 tenured generation   total 10944K, used 1306K [0x09f50000, 0x0aa00000, 0x14a00000)
   the space 10944K,  11% used [0x09f50000, 0x0a0968a0, 0x0a096a00, 0x0aa00000)
 compacting perm gen  total 12288K, used 7247K [0x14a00000, 0x15600000, 0x18a00000)
   the space 12288K,  58% used [0x14a00000, 0x15113c40, 0x15113e00, 0x15600000)
No shared spaces configured.
}

Deoptimization events (0 events):
No events

Internal exceptions (10 events):
Event: 0.349 Thread 0x18e3f400 Threw 0x04d6ff58 at C:\re\jdk7u71\1605\hotspot\src\share\vm\prims\jvm.cpp:1281
Event: 0.349 Thread 0x18e3f400 Threw 0x04d721a8 at C:\re\jdk7u71\1605\hotspot\src\share\vm\prims\jvm.cpp:1281
Event: 0.350 Thread 0x18e3f400 Threw 0x04d741b8 at C:\re\jdk7u71\1605\hotspot\src\share\vm\prims\jvm.cpp:1281
Event: 2.383 Thread 0x18e3f400 Threw 0x04e24b68 at C:\re\jdk7u71\1605\hotspot\src\share\vm\prims\jvm.cpp:1281
Event: 2.385 Thread 0x18e3f400 Threw 0x04e2d980 at C:\re\jdk7u71\1605\hotspot\src\share\vm\prims\jvm.cpp:1281
Event: 2.386 Thread 0x18e3f400 Threw 0x04e2ef58 at C:\re\jdk7u71\1605\hotspot\src\share\vm\prims\jvm.cpp:1281
Event: 2.386 Thread 0x18e3f400 Threw 0x04e30d20 at C:\re\jdk7u71\1605\hotspot\src\share\vm\prims\jvm.cpp:1281
Event: 2.391 Thread 0x18e3f400 Threw 0x04e378d8 at C:\re\jdk7u71\1605\hotspot\src\share\vm\prims\jvm.cpp:1281
Event: 2.392 Thread 0x18e3f400 Threw 0x04e39f58 at C:\re\jdk7u71\1605\hotspot\src\share\vm\prims\jvm.cpp:1281
Event: 2.393 Thread 0x18e3f400 Threw 0x04e3c668 at C:\re\jdk7u71\1605\hotspot\src\share\vm\prims\jvm.cpp:1281

Events (10 events):
Event: 63.888 Executing VM operation: ChangeSingleStep
Event: 63.888 Executing VM operation: ChangeSingleStep done
Event: 63.999 Executing VM operation: GetOrSetLocal
Event: 63.999 Executing VM operation: GetOrSetLocal done
Event: 64.000 Executing VM operation: GetOrSetLocal
Event: 64.000 Executing VM operation: GetOrSetLocal done
Event: 64.000 Executing VM operation: GetOrSetLocal
Event: 64.000 Executing VM operation: GetOrSetLocal done
Event: 64.000 Executing VM operation: GetOrSetLocal
Event: 64.000 Executing VM operation: GetOrSetLocal done


Dynamic libraries:
0x013e0000 - 0x0140f000 	C:\Programs\Java\jdk17\bin\java.exe
0x779d0000 - 0x77b50000 	C:\Windows\SysWOW64\ntdll.dll
0x75530000 - 0x75640000 	C:\Windows\syswow64\kernel32.dll
0x75ac0000 - 0x75b07000 	C:\Windows\syswow64\KERNELBASE.dll
0x75c40000 - 0x75ce0000 	C:\Windows\syswow64\ADVAPI32.dll
0x750e0000 - 0x7518c000 	C:\Windows\syswow64\msvcrt.dll
0x757c0000 - 0x757d9000 	C:\Windows\SysWOW64\sechost.dll
0x756d0000 - 0x757c0000 	C:\Windows\syswow64\RPCRT4.dll
0x75080000 - 0x750e0000 	C:\Windows\syswow64\SspiCli.dll
0x75070000 - 0x7507c000 	C:\Windows\syswow64\CRYPTBASE.dll
0x75cf0000 - 0x75df0000 	C:\Windows\syswow64\USER32.dll
0x75190000 - 0x75220000 	C:\Windows\syswow64\GDI32.dll
0x76f50000 - 0x76f5a000 	C:\Windows\syswow64\LPK.dll
0x75ba0000 - 0x75c3d000 	C:\Windows\syswow64\USP10.dll
0x6bc70000 - 0x6be0e000 	C:\Windows\WinSxS\x86_microsoft.windows.common-controls_6595b64144ccf1df_6.0.7601.18837_none_41e855142bd5705d\COMCTL32.dll
0x75840000 - 0x75897000 	C:\Windows\syswow64\SHLWAPI.dll
0x757e0000 - 0x75840000 	C:\Windows\system32\IMM32.DLL
0x76d50000 - 0x76e1c000 	C:\Windows\syswow64\MSCTF.dll
0x742a0000 - 0x742b7000 	C:\Windows\system32\btpload32.dll
0x779a0000 - 0x779a5000 	C:\Windows\syswow64\PSAPI.DLL
0x74270000 - 0x7429c000 	C:\Windows\SysWOW64\nvinit.dll
0x74240000 - 0x74266000 	C:\Windows\system32\privman32.dll
0x74230000 - 0x74239000 	C:\Windows\system32\VERSION.dll
0x75eb0000 - 0x76afb000 	C:\Windows\syswow64\SHELL32.dll
0x74210000 - 0x74227000 	C:\Windows\system32\USERENV.dll
0x74200000 - 0x7420b000 	C:\Windows\system32\profapi.dll
0x6d530000 - 0x6d593000 	C:\Program Files (x86)\McAfee\Host Intrusion Prevention\HcApi.dll
0x6d520000 - 0x6d529000 	C:\Program Files (x86)\McAfee\Host Intrusion Prevention\HcThe.dll
0x5cf50000 - 0x5cf77000 	C:\Program Files (x86)\McAfee\Host Intrusion Prevention\HIPHandlers.dll
0x501e0000 - 0x5029f000 	C:\Programs\Java\jdk17\jre\bin\msvcr100.dll
0x77c70000 - 0x77ff9000 	C:\Programs\Java\jdk17\jre\bin\client\jvm.dll
0x72b60000 - 0x72b67000 	C:\Windows\system32\WSOCK32.dll
0x754e0000 - 0x75515000 	C:\Windows\syswow64\WS2_32.dll
0x75520000 - 0x75526000 	C:\Windows\syswow64\NSI.dll
0x69240000 - 0x69272000 	C:\Windows\system32\WINMM.dll
0x50310000 - 0x5031c000 	C:\Programs\Java\jdk17\jre\bin\verify.dll
0x502f0000 - 0x50310000 	C:\Programs\Java\jdk17\jre\bin\java.dll
0x5cf80000 - 0x5cfaa000 	C:\Programs\Java\jdk17\jre\bin\jdwp.dll
0x5cb30000 - 0x5cb37000 	C:\Programs\Java\jdk17\jre\bin\npt.dll
0x502d0000 - 0x502e3000 	C:\Programs\Java\jdk17\jre\bin\zip.dll
0x5cf20000 - 0x5cf29000 	C:\Programs\Java\jdk17\jre\bin\dt_shmem.dll
0x50090000 - 0x501d3000 	C:\Programs\Java\jdk17\jre\bin\awt.dll
0x75e20000 - 0x75eaf000 	C:\Windows\syswow64\OLEAUT32.dll
0x76f60000 - 0x770bc000 	C:\Windows\syswow64\ole32.dll
0x6c070000 - 0x6c0f0000 	C:\Windows\system32\uxtheme.dll
0x6dcd0000 - 0x6dce9000 	C:\Program Files (x86)\McAfee\SiteAdvisor Enterprise\saHook.dll
0x6c050000 - 0x6c063000 	C:\Windows\system32\dwmapi.dll
0x50050000 - 0x50089000 	C:\Programs\Java\jdk17\jre\bin\fontmanager.dll
0x502b0000 - 0x502c4000 	C:\Programs\Java\jdk17\jre\bin\net.dll
0x740d0000 - 0x7410c000 	C:\Windows\system32\mswsock.dll
0x733e0000 - 0x733e6000 	C:\Windows\System32\wship6.dll
0x52680000 - 0x5268f000 	C:\Programs\Java\jdk17\jre\bin\nio.dll
0x77be0000 - 0x77c10000 	C:\Programs\Java\jdk17\jre\bin\t2k.dll
0x75640000 - 0x756c3000 	C:\Windows\syswow64\CLBCatQ.DLL
0x6c440000 - 0x6c53b000 	C:\Windows\system32\WindowsCodecs.dll
0x70db0000 - 0x70dfc000 	C:\Windows\system32\apphelp.dll
0x68a70000 - 0x68aa1000 	C:\Windows\system32\EhStorShell.dll
0x75340000 - 0x754dd000 	C:\Windows\syswow64\SETUPAPI.dll
0x770c0000 - 0x770e7000 	C:\Windows\syswow64\CFGMGR32.dll
0x75900000 - 0x75912000 	C:\Windows\syswow64\DEVOBJ.dll
0x6c340000 - 0x6c435000 	C:\Windows\system32\PROPSYS.dll
0x665a0000 - 0x66610000 	C:\Windows\system32\ntshrui.dll
0x6e860000 - 0x6e879000 	C:\Windows\system32\srvcli.dll
0x6c130000 - 0x6c13b000 	C:\Windows\system32\cscapi.dll
0x732c0000 - 0x732ca000 	C:\Windows\system32\slc.dll
0x74110000 - 0x741fb000 	C:\Windows\system32\dbghelp.dll

VM Arguments:
jvm_args: -Xdebug -Xrunjdwp:transport=dt_shmem,address=javadebug -Dfile.encoding=UTF-8 
java_command: calculatorwindow.TestWindow
Launcher Type: SUN_STANDARD

Environment Variables:
PATH=C:\ProgramData\Oracle\Java\javapath;C:\Windows\system32;C:\Windows;C:\Windows\System32\Wbem;C:\Windows\System32\WindowsPowerShell\v1.0\;C:\Program Files\ActivIdentity\ActivClient\;C:\Program Files (x86)\ActivIdentity\ActivClient\;C:\Program Files\Tumbleweed\Desktop Validator\;C:\Program Files (x86)\Enterprise Vault\EVClient\;C:\Program Files\Intel\WiFi\bin\;C:\Program Files\Common Files\Intel\WirelessCommon\;C:\Program Files (x86)\Windows Kits\8.1\Windows Performance Toolkit\;C:\Program Files\Microsoft SQL Server\110\Tools\Binn\;C:\Program Files (x86)\Microsoft SDKs\TypeScript\1.0\;C:\Program Files\Microsoft SQL Server\120\Tools\Binn\;C:\Program Files\Perforce;C:\Program Files\Intel\WiFi\bin\;C:\Program Files\Common Files\Intel\WirelessCommon\;C:\Git\cmd;.;;.;
USERNAME=Q0HECWPL
OS=Windows_NT
PROCESSOR_IDENTIFIER=Intel64 Family 6 Model 60 Stepping 3, GenuineIntel



---------------  S Y S T E M  ---------------

OS: Windows 7 , 64 bit Build 7601 Service Pack 1

CPU:total 8 (4 cores per cpu, 2 threads per core) family 6 model 60 stepping 3, cmov, cx8, fxsr, mmx, sse, sse2, sse3, ssse3, sse4.1, sse4.2, popcnt, avx, avx2, aes, erms, ht, tsc, tscinvbit

Memory: 4k page, physical 33457420k(25280512k free), swap 66913004k(58379756k free)

vm_info: Java HotSpot(TM) Client VM (24.71-b01) for windows-x86 JRE (1.7.0_71-b14), built on Sep 26 2014 16:30:49 by "java_re" with unknown MS VC++:1600

time: Sun Dec 20 19:25:05 2015
elapsed time: 64 seconds

